\BOOKMARK [0][-]{section*.2}{\376\377\000I\000n\000f\000l\000a\000t\000i\000o\000n\000a\000r\000y\000\040\000S\000e\000c\000t\000o\000r\000\040\000R\000e\000n\000o\000r\000m\000a\000l\000i\000z\000a\000t\000i\000o\000n\000\040\000i\000n\000\040\000a\000\040\000S\000t\000o\000c\000h\000a\000s\000t\000i\000c\000\040\000T\000o\000y\000\040\000L\000a\000n\000d\000s\000c\000a\000p\000e}{}% 2
\BOOKMARK [1][-]{section*.1}{\376\377\000A\000b\000s\000t\000r\000a\000c\000t}{section*.2}% 1
\BOOKMARK [1][-]{section*.3}{\376\377\000I\000n\000t\000r\000o\000d\000u\000c\000t\000i\000o\000n}{section*.2}% 3
\BOOKMARK [2][-]{section*.4}{\376\377\000S\000c\000o\000p\000e\000\040\000o\000f\000\040\000t\000h\000e\000\040\000p\000r\000o\000p\000o\000s\000a\000l}{section*.3}% 4
\BOOKMARK [1][-]{section*.5}{\376\377\000B\000a\000c\000k\000g\000r\000o\000u\000n\000d}{section*.2}% 5
\BOOKMARK [2][-]{section*.6}{\376\377\000E\000t\000e\000r\000n\000a\000l\000\040\000i\000n\000f\000l\000a\000t\000i\000o\000n\000\040\000a\000n\000d\000\040\000p\000o\000c\000k\000e\000t\000-\000d\000o\000m\000a\000i\000n\000\040\000c\000o\000u\000n\000t\000i\000n\000g}{section*.5}% 6
\BOOKMARK [2][-]{section*.7}{\376\377\000T\000h\000e\000\040\000m\000e\000a\000s\000u\000r\000e\000\040\000p\000r\000o\000b\000l\000e\000m}{section*.5}% 7
\BOOKMARK [2][-]{section*.8}{\376\377\000C\000o\000a\000r\000s\000e\000-\000g\000r\000a\000i\000n\000i\000n\000g\000\040\000a\000n\000a\000l\000o\000g\000y}{section*.5}% 8
\BOOKMARK [2][-]{section*.9}{\376\377\000C\000o\000n\000f\000i\000g\000u\000r\000a\000t\000i\000o\000n\000-\000s\000p\000a\000c\000e\000\040\000l\000o\000c\000a\000l\000i\000t\000y\000\040\000p\000r\000i\000o\000r}{section*.5}% 9
\BOOKMARK [2][-]{section*.10}{\376\377\000R\000e\000l\000a\000t\000i\000o\000n\000\040\000t\000o\000\040\000s\000t\000o\000c\000h\000a\000s\000t\000i\000c\000\040\000i\000n\000f\000l\000a\000t\000i\000o\000n\000\040\000a\000n\000d\000\040\000o\000p\000e\000n\000-\000s\000y\000s\000t\000e\000m\000\040\000t\000h\000i\000n\000k\000i\000n\000g}{section*.5}% 10
\BOOKMARK [2][-]{section*.11}{\376\377\000R\000e\000l\000a\000t\000i\000o\000n\000\040\000t\000o\000\040\000e\000x\000i\000s\000t\000i\000n\000g\000\040\000m\000e\000a\000s\000u\000r\000e\000\040\000p\000r\000o\000p\000o\000s\000a\000l\000s}{section*.5}% 11
\BOOKMARK [1][-]{section*.13}{\376\377\000I\000n\000f\000l\000a\000t\000i\000o\000n\000a\000r\000y\000\040\000S\000e\000c\000t\000o\000r\000\040\000R\000e\000n\000o\000r\000m\000a\000l\000i\000z\000a\000t\000i\000o\000n}{section*.2}% 12
\BOOKMARK [2][-]{section*.14}{\376\377\000S\000e\000c\000t\000o\000r\000\040\000s\000t\000a\000t\000e\000\040\000a\000n\000d\000\040\000o\000b\000s\000e\000r\000v\000a\000b\000l\000e\000\040\000p\000a\000t\000c\000h}{section*.13}% 13
\BOOKMARK [2][-]{section*.15}{\376\377\000L\000o\000c\000a\000l\000i\000t\000y\000\040\000k\000e\000r\000n\000e\000l\000s}{section*.13}% 14
\BOOKMARK [2][-]{section*.16}{\376\377\000I\000S\000R\000\040\000m\000e\000a\000s\000u\000r\000e}{section*.13}% 15
\BOOKMARK [2][-]{section*.17}{\376\377\000P\000h\000e\000n\000o\000m\000e\000n\000o\000l\000o\000g\000i\000c\000a\000l\000\040\000s\000t\000a\000t\000u\000s}{section*.13}% 16
\BOOKMARK [2][-]{section*.18}{\376\377\000K\000e\000r\000n\000e\000l\000-\000s\000c\000a\000l\000e\000\040\000s\000e\000l\000e\000c\000t\000i\000o\000n\000\040\000r\000u\000l\000e}{section*.13}% 17
\BOOKMARK [2][-]{section*.19}{\376\377\000C\000u\000t\000o\000f\000f\000\040\000s\000t\000a\000b\000i\000l\000i\000t\000y\000\040\000d\000i\000a\000g\000n\000o\000s\000t\000i\000c}{section*.13}% 18
\BOOKMARK [2][-]{section*.20}{\376\377\000K\000e\000r\000n\000e\000l\000-\000w\000e\000i\000g\000h\000t\000e\000d\000\040\000s\000e\000c\000t\000o\000r\000\040\000a\000v\000e\000r\000a\000g\000i\000n\000g}{section*.13}% 19
\BOOKMARK [1][-]{section*.21}{\376\377\000S\000t\000o\000c\000h\000a\000s\000t\000i\000c\000\040\000t\000o\000y\000\040\000l\000a\000n\000d\000s\000c\000a\000p\000e}{section*.2}% 20
\BOOKMARK [2][-]{section*.22}{\376\377\000L\000a\000n\000d\000s\000c\000a\000p\000e\000\040\000p\000o\000t\000e\000n\000t\000i\000a\000l}{section*.21}% 21
\BOOKMARK [2][-]{section*.24}{\376\377\000B\000a\000s\000i\000n\000\040\000a\000s\000s\000i\000g\000n\000m\000e\000n\000t}{section*.21}% 22
\BOOKMARK [2][-]{section*.25}{\376\377\000I\000n\000i\000t\000i\000a\000l\000\040\000c\000o\000n\000d\000i\000t\000i\000o\000n\000s\000\040\000a\000n\000d\000\040\000d\000y\000n\000a\000m\000i\000c\000s}{section*.21}% 23
\BOOKMARK [2][-]{section*.26}{\376\377\000E\000f\000f\000e\000c\000t\000i\000v\000e\000\040\000p\000h\000y\000s\000i\000c\000s\000\040\000v\000e\000c\000t\000o\000r}{section*.21}% 24
\BOOKMARK [2][-]{section*.27}{\376\377\000C\000u\000t\000o\000f\000f\000\040\000l\000i\000s\000t}{section*.21}% 25
\BOOKMARK [1][-]{section*.28}{\376\377\000E\000x\000p\000e\000r\000i\000m\000e\000n\000t\000s\000\040\000a\000n\000d\000\040\000d\000i\000a\000g\000n\000o\000s\000t\000i\000c\000s}{section*.2}% 26
\BOOKMARK [2][-]{section*.30}{\376\377\000E\000x\000p\000e\000r\000i\000m\000e\000n\000t\000\040\0001\000:\000\040\000G\000l\000o\000b\000a\000l\000\040\000c\000e\000n\000s\000u\000s\000\040\000b\000a\000s\000e\000l\000i\000n\000e}{section*.28}% 27
\BOOKMARK [2][-]{section*.31}{\376\377\000E\000x\000p\000e\000r\000i\000m\000e\000n\000t\000\040\0002\000:\000\040\000I\000S\000R\000\040\000l\000o\000c\000a\000l\000i\000t\000y\000-\000w\000e\000i\000g\000h\000t\000e\000d\000\040\000m\000e\000a\000s\000u\000r\000e}{section*.28}% 28
\BOOKMARK [2][-]{section*.32}{\376\377\000E\000x\000p\000e\000r\000i\000m\000e\000n\000t\000\040\0003\000:\000\040\000C\000u\000t\000o\000f\000f\000\040\000s\000t\000a\000b\000i\000l\000i\000t\000y}{section*.28}% 29
\BOOKMARK [2][-]{section*.33}{\376\377\000E\000x\000p\000e\000r\000i\000m\000e\000n\000t\000\040\0004\000:\000\040\000K\000e\000r\000n\000e\000l\000\040\000s\000e\000n\000s\000i\000t\000i\000v\000i\000t\000y}{section*.28}% 30
\BOOKMARK [2][-]{section*.34}{\376\377\000E\000x\000p\000e\000r\000i\000m\000e\000n\000t\000\040\0005\000:\000\040\000B\000a\000s\000i\000n\000-\000b\000o\000u\000n\000d\000a\000r\000y\000\040\000d\000i\000a\000g\000n\000o\000s\000t\000i\000c\000s}{section*.28}% 31
\BOOKMARK [2][-]{section*.35}{\376\377\000E\000x\000p\000e\000r\000i\000m\000e\000n\000t\000\040\0006\000:\000\040\000C\000o\000n\000f\000i\000g\000u\000r\000a\000t\000i\000o\000n\000-\000s\000p\000a\000c\000e\000\040\000l\000o\000c\000a\000l\000i\000t\000y\000\040\000d\000i\000a\000g\000n\000o\000s\000t\000i\000c\000s}{section*.28}% 32
\BOOKMARK [2][-]{section*.36}{\376\377\000E\000x\000p\000e\000r\000i\000m\000e\000n\000t\000\040\0007\000:\000\040\000K\000e\000r\000n\000e\000l\000-\000w\000e\000i\000g\000h\000t\000e\000d\000\040\000s\000e\000c\000t\000o\000r\000\040\000a\000v\000e\000r\000a\000g\000i\000n\000g}{section*.28}% 33
\BOOKMARK [2][-]{section*.37}{\376\377\000E\000x\000p\000e\000r\000i\000m\000e\000n\000t\000\040\0008\000:\000\040\000S\000t\000r\000e\000s\000s\000\040\000t\000e\000s\000t}{section*.28}% 34
\BOOKMARK [2][-]{section*.38}{\376\377\000E\000x\000p\000e\000r\000i\000m\000e\000n\000t\000\040\0009\000:\000\040\000E\000l\000l\000\040\000s\000e\000n\000s\000i\000t\000i\000v\000i\000t\000y\000\040\000s\000c\000a\000n}{section*.28}% 35
\BOOKMARK [2][-]{section*.39}{\376\377\000E\000x\000p\000e\000r\000i\000m\000e\000n\000t\000\040\0001\0000\000:\000\040\000S\000i\000g\000m\000a\040\023\000e\000l\000l\000\040\000b\000o\000u\000n\000d\000a\000r\000y}{section*.28}% 36
\BOOKMARK [2][-]{section*.40}{\376\377\000E\000x\000p\000e\000r\000i\000m\000e\000n\000t\000\040\0001\0001\000:\000\040\000F\000l\000a\000t\000-\000p\000a\000r\000e\000n\000t\000\040\000c\000o\000m\000p\000o\000s\000i\000t\000i\000o\000n\000\040\000s\000a\000n\000i\000t\000y\000\040\000c\000h\000e\000c\000k}{section*.28}% 37
\BOOKMARK [2][-]{section*.41}{\376\377\000E\000x\000p\000e\000r\000i\000m\000e\000n\000t\000\040\0001\0002\000:\000\040\000L\000a\000n\000d\000s\000c\000a\000p\000e\000\040\000p\000e\000r\000t\000u\000r\000b\000a\000t\000i\000o\000n\000\040\000r\000o\000b\000u\000s\000t\000n\000e\000s\000s}{section*.28}% 38
\BOOKMARK [1][-]{section*.42}{\376\377\000R\000e\000s\000u\000l\000t\000s}{section*.2}% 39
\BOOKMARK [2][-]{section*.43}{\376\377\000C\000l\000a\000i\000m\000\040\0001\000:\000\040\000I\000S\000R\000\040\000c\000h\000a\000n\000g\000e\000s\000\040\000t\000h\000e\000\040\000s\000e\000l\000e\000c\000t\000e\000d\000\040\000b\000a\000s\000i\000n}{section*.42}% 40
\BOOKMARK [2][-]{section*.46}{\376\377\000C\000l\000a\000i\000m\000\040\0002\000:\000\040\000I\000S\000R\000\040\000i\000m\000p\000r\000o\000v\000e\000s\000\040\000f\000i\000n\000i\000t\000e\000-\000s\000a\000m\000p\000l\000e\000\040\000c\000u\000t\000o\000f\000f\000\040\000s\000t\000a\000b\000i\000l\000i\000t\000y}{section*.42}% 41
\BOOKMARK [2][-]{section*.48}{\376\377\000C\000l\000a\000i\000m\000\040\0003\000:\000\040\000I\000S\000R\000\040\000i\000s\000\040\000r\000o\000b\000u\000s\000t\000\040\000a\000c\000r\000o\000s\000s\000\040\000s\000t\000r\000e\000s\000s\000\040\000t\000e\000s\000t\000s}{section*.42}% 42
\BOOKMARK [2][-]{section*.51}{\376\377\000C\000l\000a\000i\000m\000\040\0004\000:\000\040\000L\000o\000c\000a\000l\000i\000t\000y\000\040\000h\000a\000s\000\040\000b\000a\000s\000i\000n\000-\000b\000o\000u\000n\000d\000a\000r\000y\000\040\000e\000x\000c\000e\000p\000t\000i\000o\000n\000s}{section*.42}% 43
\BOOKMARK [2][-]{section*.53}{\376\377\000C\000l\000a\000i\000m\000\040\0005\000:\000\040\000K\000e\000r\000n\000e\000l\000-\000w\000e\000i\000g\000h\000t\000e\000d\000\040\000s\000e\000c\000t\000o\000r\000\040\000a\000v\000e\000r\000a\000g\000i\000n\000g}{section*.42}% 44
\BOOKMARK [2][-]{section*.56}{\376\377\000C\000l\000a\000i\000m\000\040\0006\000:\000\040\000E\000l\000l\000\040\000s\000e\000n\000s\000i\000t\000i\000v\000i\000t\000y\000\040\000r\000e\000v\000e\000a\000l\000s\000\040\000a\000\040\000s\000w\000e\000e\000t\000\040\000s\000p\000o\000t}{section*.42}% 45
\BOOKMARK [2][-]{section*.60}{\376\377\000C\000l\000a\000i\000m\000\040\0007\000:\000\040\000I\000S\000R\000\040\000r\000e\000m\000a\000i\000n\000s\000\040\000f\000a\000v\000o\000r\000a\000b\000l\000e\000\040\000i\000n\000\040\000t\000h\000e\000\040\000n\000o\000n\000-\000d\000e\000g\000e\000n\000e\000r\000a\000t\000e\000\040\000s\000i\000g\000m\000a\040\023\000e\000l\000l\000\040\000r\000e\000g\000i\000o\000n}{section*.42}% 46
\BOOKMARK [2][-]{section*.63}{\376\377\000C\000l\000a\000i\000m\000\040\0008\000:\000\040\000I\000S\000R\000\040\000i\000m\000p\000r\000o\000v\000e\000m\000e\000n\000t\000\040\000i\000s\000\040\000r\000o\000b\000u\000s\000t\000\040\000t\000o\000\040\000l\000a\000n\000d\000s\000c\000a\000p\000e\000\040\000p\000e\000r\000t\000u\000r\000b\000a\000t\000i\000o\000n}{section*.42}% 47
\BOOKMARK [1][-]{section*.65}{\376\377\000D\000i\000s\000c\000u\000s\000s\000i\000o\000n}{section*.2}% 48
\BOOKMARK [1][-]{section*.66}{\376\377\000L\000i\000m\000i\000t\000a\000t\000i\000o\000n\000s}{section*.2}% 49
\BOOKMARK [1][-]{section*.67}{\376\377\000C\000o\000n\000c\000l\000u\000s\000i\000o\000n}{section*.2}% 50
\BOOKMARK [1][-]{section*.68}{\376\377\000R\000e\000f\000e\000r\000e\000n\000c\000e\000s}{section*.2}% 51
\BOOKMARK [1][-]{section*.69}{\376\377\000S\000i\000m\000u\000l\000a\000t\000i\000o\000n\000\040\000d\000e\000t\000a\000i\000l\000s}{section*.2}% 52
\BOOKMARK [2][-]{section*.70}{\376\377\000C\000o\000n\000f\000i\000g\000u\000r\000a\000t\000i\000o\000n}{section*.69}% 53
\BOOKMARK [2][-]{section*.71}{\376\377\000N\000u\000m\000e\000r\000i\000c\000a\000l\000\040\000p\000a\000r\000a\000m\000e\000t\000e\000r\000s}{section*.69}% 54
\BOOKMARK [2][-]{section*.72}{\376\377\000M\000e\000a\000s\000u\000r\000e\000\040\000c\000o\000m\000p\000u\000t\000a\000t\000i\000o\000n}{section*.69}% 55
\BOOKMARK [2][-]{section*.73}{\376\377\000K\000e\000r\000n\000e\000l\000-\000w\000e\000i\000g\000h\000t\000e\000d\000\040\000s\000e\000c\000t\000o\000r\000\040\000a\000v\000e\000r\000a\000g\000i\000n\000g}{section*.69}% 56
\BOOKMARK [1][-]{section*.74}{\376\377\000F\000a\000i\000l\000u\000r\000e\000\040\000c\000a\000s\000e\000s}{section*.2}% 57
\BOOKMARK [2][-]{section*.77}{\376\377\000D\000i\000a\000g\000n\000o\000s\000t\000i\000c\000s\000\040\000f\000o\000r\000\040\000b\000o\000t\000h\000\040\000f\000a\000i\000l\000u\000r\000e\000\040\000c\000a\000s\000e\000s}{section*.74}% 58
\BOOKMARK [1][-]{section*.79}{\376\377\000C\000o\000d\000e\000\040\000a\000n\000d\000\040\000r\000e\000p\000r\000o\000d\000u\000c\000i\000b\000i\000l\000i\000t\000y}{section*.2}% 59
\BOOKMARK [2][-]{section*.80}{\376\377\000R\000u\000n\000n\000i\000n\000g\000\040\000e\000x\000p\000e\000r\000i\000m\000e\000n\000t\000s}{section*.79}% 60
\BOOKMARK [2][-]{section*.81}{\376\377\000E\000x\000p\000e\000c\000t\000e\000d\000\040\000o\000u\000t\000p\000u\000t\000s}{section*.79}% 61
\BOOKMARK [2][-]{section*.82}{\376\377\000P\000a\000p\000e\000r\000\040\000f\000i\000g\000u\000r\000e\000s\000\040\000a\000n\000d\000\040\000t\000a\000b\000l\000e\000s}{section*.79}% 62
\BOOKMARK [1][-]{section*.83}{\376\377\000D\000e\000g\000e\000n\000e\000r\000a\000t\000e\000\040\000s\000m\000a\000l\000l\000-\000\040\000b\000e\000h\000a\000v\000i\000o\000r}{section*.2}% 63
