This is pdfTeX, Version 3.141592653-2.6-1.40.28 (TeX Live 2025) (preloaded format=pdflatex 2026.2.17)  29 JUN 2026 11:05
entering extended mode
 restricted \write18 enabled.
 %&-line parsing enabled.
**main.tex
(./main.tex
LaTeX2e <2025-11-01>
L3 programming layer <2026-01-19>
(/home/jenholm/texlive/2026/texmf-dist/tex/latex/revtex/revtex4-2.cls
Document Class: revtex4-2 2022/06/05 4.2f (https://journals.aps.org/revtex/ for
 documentation)
 Copyright (c) 2019 American Physical Society.
 mailto:revtex@aps.org
 Licensed under the LPPL:
http://www.ctan.org/tex-archive/macros/latex/base/lppl.txt
 Arthur Ogawa <arthur_ogawa at sbcglobal dot net>
 Based on work by David Carlisle <david at dcarlisle.demon.co.uk>
 Version (4.2d--4.2f): Modified by Mark Doyle and Phelype Oleinik
 .
ltxutil[2022/06/05 4.2f utilities package (portions licensed from W. E. Baxter 
web at superscript.com)]
LaTeX Info: Redefining \@centercr on input line 356.
Class revtex4-2 Info: Repairing hyperref-unfriendly LaTeX definition of \mpfoot
note on input line 492.
Class revtex4-2 Info: Repairing broken LateX \@sect on input line 814.
\intertabularlinepenalty=\count275
\@tbpen=\count276
\@arstrutbox@hline=\box53
Class revtex4-2 Info: Repairing broken LaTeX \@xbitor on input line 1845.
Class revtex4-2 Info: Making \typeout \long on input line 2110.
ltxfront[2022/06/05 4.2f frontmatter package (AO,DPC,MD)]
\c@affil=\count277
\c@collab=\count278
\absbox=\box54
ltxgrid[2022/06/05 4.2f page grid package (portions licensed from W. E. Baxter 
web at superscript.com)]
\c@linecount=\count279
\output@latex=\toks17
\box@size@1=\box55
\box@size@2=\box56
\@protection@box=\box57
\@topmark@saved=\toks18
\footins@saved=\box58
\footins@recovered=\box59
\column@recovered=\box60
\pagesofar=\box61
\footsofar=\box62
\pagegrid@col=\count280
Class revtex4-2 Info: Overriding \@vspace, \@vspacer, \@no@pgbk, \@newline, and
 \\  on input line 5676.
\c@part=\count281
\c@section=\count282
\c@subsection=\count283
\c@subsubsection=\count284
\c@paragraph=\count285
\c@subparagraph=\count286
\abovecaptionskip=\skip49
\belowcaptionskip=\skip50
\c@figure=\count287
\fbox@1=\box63
\c@table=\count288
\fbox@2=\box64
\c@video=\count289
\fbox@4=\box65
\@bibdataout=\write3
\widetext@top=\box66
\widetext@bot=\box67

Class revtex4-2 Warning: No Society specified, using default society aps.

(/home/jenholm/texlive/2026/texmf-dist/tex/latex/revtex/aps4-2.rtx
File: aps4-2 2022/06/05 4.2f (https://journals.aps.org/revtex/ for documentatio
n)
Class revtex4-2 Info: RevTeX society APS selected on input line 40.
)
Class revtex4-2 Info: Selecting journal prd on input line 7671.
Class revtex4-2 Info: APS journal PRD selected on input line 7672.


Class revtex4-2 Warning: No type size specified, using default 10.

(/home/jenholm/texlive/2026/texmf-dist/tex/latex/revtex/aps10pt4-2.rtx
File: aps10pt4-2 2022/06/05 4.2f (https://journals.aps.org/revtex/ for document
ation)
Class revtex4-2 Info: RevTeX pointsize 10pt selected on input line 39.
)
(/home/jenholm/texlive/2026/texmf-dist/tex/latex/textcase/textcase.sty
Package: textcase 2025/02/16 v1.05 Text only upper/lower case changing (DPC)
Package textcase Info: Defining Legacy names on input line 20.
)
(/home/jenholm/texlive/2026/texmf-dist/tex/latex/url/url.sty
\Urlmuskip=\muskip17
Package: url 2013/09/16  ver 3.4  Verb mode for urls, etc.
)
(/home/jenholm/texlive/2026/texmf-dist/tex/latex/natbib/natbib.sty
Package: natbib 2010/09/13 8.31b (PWD, AO)
\bibhang=\skip51
\bibsep=\skip52
LaTeX Info: Redefining \cite on input line 694.
\c@NAT@ctr=\count290
)
Class revtex4-2 Info: Repairing natbib's \BibitemShut on input line 7676.

(/home/jenholm/texlive/2026/texmf-dist/tex/latex/revtex/revsymb4-2.sty
Package: revsymb4-2 2022/06/05 4.2f (https://journals.aps.org/revtex/ for docum
entation)
LaTeX Info: Redefining \REV@mathfrak on input line 128.
))
(/home/jenholm/texlive/2026/texmf-dist/tex/latex/graphics/graphicx.sty
Package: graphicx 2024/12/31 v1.2e Enhanced LaTeX Graphics (DPC,SPQR)

(/home/jenholm/texlive/2026/texmf-dist/tex/latex/graphics/keyval.sty
Package: keyval 2022/05/29 v1.15 key=value parser (DPC)
\KV@toks@=\toks19
)
(/home/jenholm/texlive/2026/texmf-dist/tex/latex/graphics/graphics.sty
Package: graphics 2024/08/06 v1.4g Standard LaTeX Graphics (DPC,SPQR)

(/home/jenholm/texlive/2026/texmf-dist/tex/latex/graphics/trig.sty
Package: trig 2023/12/02 v1.11 sin cos tan (DPC)
)
(/home/jenholm/texlive/2026/texmf-dist/tex/latex/graphics-cfg/graphics.cfg
File: graphics.cfg 2016/06/04 v1.11 sample graphics configuration
)
Package graphics Info: Driver file: pdftex.def on input line 106.

(/home/jenholm/texlive/2026/texmf-dist/tex/latex/graphics-def/pdftex.def
File: pdftex.def 2025/09/29 v1.2d Graphics/color driver for pdftex
))
\Gin@req@height=\dimen148
\Gin@req@width=\dimen149
)
(/home/jenholm/texlive/2026/texmf-dist/tex/latex/amsmath/amsmath.sty
Package: amsmath 2025/07/09 v2.17z AMS math features
\@mathmargin=\skip53

For additional information on amsmath, use the `?' option.
(/home/jenholm/texlive/2026/texmf-dist/tex/latex/amsmath/amstext.sty
Package: amstext 2024/11/17 v2.01 AMS text

(/home/jenholm/texlive/2026/texmf-dist/tex/latex/amsmath/amsgen.sty
File: amsgen.sty 1999/11/30 v2.0 generic functions
\@emptytoks=\toks20
\ex@=\dimen150
)
LaTeX Info: Redefining \text on input line 28.
)
(/home/jenholm/texlive/2026/texmf-dist/tex/latex/amsmath/amsbsy.sty
Package: amsbsy 1999/11/29 v1.2d Bold Symbols
\pmbraise@=\dimen151
)
(/home/jenholm/texlive/2026/texmf-dist/tex/latex/amsmath/amsopn.sty
Package: amsopn 2022/04/08 v2.04 operator names
)
\inf@bad=\count291
LaTeX Info: Redefining \frac on input line 233.
\uproot@=\count292
\leftroot@=\count293
LaTeX Info: Redefining \overline on input line 398.
LaTeX Info: Redefining \colon on input line 409.
\classnum@=\count294
\DOTSCASE@=\count295
LaTeX Info: Redefining \ldots on input line 495.
LaTeX Info: Redefining \dots on input line 498.
LaTeX Info: Redefining \cdots on input line 619.
\Mathstrutbox@=\box68
\strutbox@=\box69
LaTeX Info: Redefining \big on input line 721.
LaTeX Info: Redefining \Big on input line 722.
LaTeX Info: Redefining \bigg on input line 723.
LaTeX Info: Redefining \Bigg on input line 724.
\big@size=\dimen152
LaTeX Font Info:    Redeclaring font encoding OML on input line 742.
LaTeX Font Info:    Redeclaring font encoding OMS on input line 743.
\macc@depth=\count296
LaTeX Info: Redefining \bmod on input line 904.
LaTeX Info: Redefining \pmod on input line 909.
LaTeX Info: Redefining \smash on input line 939.
LaTeX Info: Redefining \relbar on input line 969.
LaTeX Info: Redefining \Relbar on input line 970.
\c@MaxMatrixCols=\count297
\dotsspace@=\muskip18
\c@parentequation=\count298
\dspbrk@lvl=\count299
\tag@help=\toks21
\row@=\count300
\column@=\count301
\maxfields@=\count302
\andhelp@=\toks22
\eqnshift@=\dimen153
\alignsep@=\dimen154
\tagshift@=\dimen155
\tagwidth@=\dimen156
\totwidth@=\dimen157
\lineht@=\dimen158
\@envbody=\toks23
\multlinegap=\skip54
\multlinetaggap=\skip55
\mathdisplay@stack=\toks24
LaTeX Info: Redefining \[ on input line 2950.
LaTeX Info: Redefining \] on input line 2951.
)
(/home/jenholm/texlive/2026/texmf-dist/tex/latex/amsfonts/amssymb.sty
Package: amssymb 2013/01/14 v3.01 AMS font symbols

(/home/jenholm/texlive/2026/texmf-dist/tex/latex/amsfonts/amsfonts.sty
Package: amsfonts 2013/01/14 v3.01 Basic AMSFonts support
\symAMSa=\mathgroup4
\symAMSb=\mathgroup5
LaTeX Font Info:    Redeclaring math symbol \hbar on input line 98.
LaTeX Font Info:    Overwriting math alphabet `\mathfrak' in version `bold'
(Font)                  U/euf/m/n --> U/euf/b/n on input line 106.
LaTeX Info: Redefining \frak on input line 111.
LaTeX Info: Redefining \Bbb on input line 113.
))
(/home/jenholm/texlive/2026/texmf-dist/tex/latex/booktabs/booktabs.sty
Package: booktabs 2020/01/12 v1.61803398 Publication quality tables
\heavyrulewidth=\dimen159
\lightrulewidth=\dimen160
\cmidrulewidth=\dimen161
\belowrulesep=\dimen162
\belowbottomsep=\dimen163
\aboverulesep=\dimen164
\abovetopsep=\dimen165
\cmidrulesep=\dimen166
\cmidrulekern=\dimen167
\defaultaddspace=\dimen168
\@cmidla=\count303
\@cmidlb=\count304
\@aboverulesep=\dimen169
\@belowrulesep=\dimen170
\@thisruleclass=\count305
\@lastruleclass=\count306
\@thisrulewidth=\dimen171
)
(/home/jenholm/texlive/2026/texmf-dist/tex/latex/hyperref/hyperref.sty
Package: hyperref 2026-01-29 v7.01p Hypertext links for LaTeX

(/home/jenholm/texlive/2026/texmf-dist/tex/generic/iftex/iftex.sty
Package: iftex 2024/12/12 v1.0g TeX engine tests
)
(/home/jenholm/texlive/2026/texmf-dist/tex/latex/kvsetkeys/kvsetkeys.sty
Package: kvsetkeys 2022-10-05 v1.19 Key value parser (HO)
)
(/home/jenholm/texlive/2026/texmf-dist/tex/generic/kvdefinekeys/kvdefinekeys.st
y
Package: kvdefinekeys 2019-12-19 v1.6 Define keys (HO)
) (/home/jenholm/texlive/2026/texmf-dist/tex/generic/pdfescape/pdfescape.sty
Package: pdfescape 2019/12/09 v1.15 Implements pdfTeX's escape features (HO)

(/home/jenholm/texlive/2026/texmf-dist/tex/generic/ltxcmds/ltxcmds.sty
Package: ltxcmds 2023-12-04 v1.26 LaTeX kernel commands for general use (HO)
)
(/home/jenholm/texlive/2026/texmf-dist/tex/generic/pdftexcmds/pdftexcmds.sty
Package: pdftexcmds 2020-06-27 v0.33 Utility functions of pdfTeX for LuaTeX (HO
)

(/home/jenholm/texlive/2026/texmf-dist/tex/generic/infwarerr/infwarerr.sty
Package: infwarerr 2019/12/03 v1.5 Providing info/warning/error messages (HO)
)
Package pdftexcmds Info: \pdf@primitive is available.
Package pdftexcmds Info: \pdf@ifprimitive is available.
Package pdftexcmds Info: \pdfdraftmode found.
))
(/home/jenholm/texlive/2026/texmf-dist/tex/latex/hycolor/hycolor.sty
Package: hycolor 2020-01-27 v1.10 Color options for hyperref/bookmark (HO)
)
(/home/jenholm/texlive/2026/texmf-dist/tex/latex/hyperref/nameref.sty
Package: nameref 2026-01-29 v2.58 Cross-referencing by name of section

(/home/jenholm/texlive/2026/texmf-dist/tex/latex/refcount/refcount.sty
Package: refcount 2019/12/15 v3.6 Data extraction from label references (HO)
)
(/home/jenholm/texlive/2026/texmf-dist/tex/generic/gettitlestring/gettitlestrin
g.sty
Package: gettitlestring 2019/12/15 v1.6 Cleanup title references (HO)
 (/home/jenholm/texlive/2026/texmf-dist/tex/latex/kvoptions/kvoptions.sty
Package: kvoptions 2022-06-15 v3.15 Key value format for package options (HO)
))

Package nameref Warning: The definition of \label has changed! 
(nameref)                Check your packages! 
(nameref)                Replacing it with the kernel definition on input line 
161.

\c@section@level=\count307
) (/home/jenholm/texlive/2026/texmf-dist/tex/latex/etoolbox/etoolbox.sty
Package: etoolbox 2025/10/02 v2.5m e-TeX tools for LaTeX (JAW)
\etb@tempcnta=\count308
)
(/home/jenholm/texlive/2026/texmf-dist/tex/generic/stringenc/stringenc.sty
Package: stringenc 2019/11/29 v1.12 Convert strings between diff. encodings (HO
)
)
\@linkdim=\dimen172
\Hy@linkcounter=\count309
\Hy@pagecounter=\count310

(/home/jenholm/texlive/2026/texmf-dist/tex/latex/hyperref/pd1enc.def
File: pd1enc.def 2026-01-29 v7.01p Hyperref: PDFDocEncoding definition (HO)
Now handling font encoding PD1 ...
... no UTF-8 mapping file for font encoding PD1
)
(/home/jenholm/texlive/2026/texmf-dist/tex/generic/intcalc/intcalc.sty
Package: intcalc 2019/12/15 v1.3 Expandable calculations with integers (HO)
)
\Hy@SavedSpaceFactor=\count311

(/home/jenholm/texlive/2026/texmf-dist/tex/latex/hyperref/puenc.def
File: puenc.def 2026-01-29 v7.01p Hyperref: PDF Unicode definition (HO)
Now handling font encoding PU ...
... no UTF-8 mapping file for font encoding PU
)
Package hyperref Info: Hyper figures OFF on input line 4201.
Package hyperref Info: Link nesting OFF on input line 4206.
Package hyperref Info: Hyper index ON on input line 4209.
Package hyperref Info: Plain pages OFF on input line 4216.
Package hyperref Info: Backreferencing OFF on input line 4221.
Package hyperref Info: Implicit mode ON; LaTeX internals redefined.
Package hyperref Info: Bookmarks ON on input line 4468.
LaTeX Info: Redefining \href on input line 4718.
\c@Hy@tempcnt=\count312
LaTeX Info: Redefining \url on input line 4807.
\XeTeXLinkMargin=\dimen173

(/home/jenholm/texlive/2026/texmf-dist/tex/generic/bitset/bitset.sty
Package: bitset 2019/12/09 v1.3 Handle bit-vector datatype (HO)

(/home/jenholm/texlive/2026/texmf-dist/tex/generic/bigintcalc/bigintcalc.sty
Package: bigintcalc 2019/12/15 v1.5 Expandable calculations on big integers (HO
)
))
\Fld@menulength=\count313
\Field@Width=\dimen174
\Fld@charsize=\dimen175
Package hyperref Info: Hyper figures OFF on input line 6084.
Package hyperref Info: Link nesting OFF on input line 6089.
Package hyperref Info: Hyper index ON on input line 6092.
Package hyperref Info: backreferencing OFF on input line 6099.
Package hyperref Info: Link coloring OFF on input line 6104.
Package hyperref Info: Link coloring with OCG OFF on input line 6109.
Package hyperref Info: PDF/A mode OFF on input line 6114.
\Hy@abspage=\count314
\c@Item=\count315
\c@Hfootnote=\count316
)
Package hyperref Info: Driver (autodetected): hpdftex.
(/home/jenholm/texlive/2026/texmf-dist/tex/latex/hyperref/hpdftex.def
File: hpdftex.def 2026-01-29 v7.01p Hyperref driver for pdfTeX
\Fld@listcount=\count317
\c@bookmark@seq@number=\count318

(/home/jenholm/texlive/2026/texmf-dist/tex/latex/rerunfilecheck/rerunfilecheck.
sty
Package: rerunfilecheck 2025-06-21 v1.11 Rerun checks for auxiliary files (HO)

(/home/jenholm/texlive/2026/texmf-dist/tex/generic/uniquecounter/uniquecounter.
sty
Package: uniquecounter 2019/12/15 v1.4 Provide unlimited unique counter (HO)
)
Package uniquecounter Info: New unique counter `rerunfilecheck' on input line 2
84.
)
\Hy@SectionHShift=\skip56
) (/home/jenholm/texlive/2026/texmf-dist/tex/latex/xcolor/xcolor.sty
Package: xcolor 2024/09/29 v3.02 LaTeX color extensions (UK)

(/home/jenholm/texlive/2026/texmf-dist/tex/latex/graphics-cfg/color.cfg
File: color.cfg 2016/01/02 v1.6 sample color configuration
)
Package xcolor Info: Driver file: pdftex.def on input line 274.

(/home/jenholm/texlive/2026/texmf-dist/tex/latex/graphics/mathcolor.ltx)
Package xcolor Info: Model `cmy' substituted by `cmy0' on input line 1349.
Package xcolor Info: Model `hsb' substituted by `rgb' on input line 1353.
Package xcolor Info: Model `RGB' extended on input line 1365.
Package xcolor Info: Model `HTML' substituted by `rgb' on input line 1367.
Package xcolor Info: Model `Hsb' substituted by `hsb' on input line 1368.
Package xcolor Info: Model `tHsb' substituted by `hsb' on input line 1369.
Package xcolor Info: Model `HSB' substituted by `hsb' on input line 1370.
Package xcolor Info: Model `Gray' substituted by `gray' on input line 1371.
Package xcolor Info: Model `wave' substituted by `hsb' on input line 1372.
)
(/home/jenholm/texlive/2026/texmf-dist/tex/latex/tools/xspace.sty
Package: xspace 2014/10/28 v1.13 Space after command names (DPC,MH)
)
(/home/jenholm/texlive/2026/texmf-dist/tex/latex/caption/caption.sty
Package: caption 2023/08/05 v3.6o Customizing captions (AR)

(/home/jenholm/texlive/2026/texmf-dist/tex/latex/caption/caption3.sty
Package: caption3 2023/07/31 v2.4d caption3 kernel (AR)
\caption@tempdima=\dimen176
\captionmargin=\dimen177
\caption@leftmargin=\dimen178
\caption@rightmargin=\dimen179
\caption@width=\dimen180
\caption@indent=\dimen181
\caption@parindent=\dimen182
\caption@hangindent=\dimen183
Package caption Info: Unknown document class (or package),
(caption)             standard defaults will be used.
Package caption Info: \@makecaption = \long macro:#1#2->\par \vskip \abovecapti
onskip \begingroup \small \rmfamily \sbox \@tempboxa {\let \\\heading@cr \@make
@capt@title {#1}{#2}}\@ifdim {\wd \@tempboxa >\hsize }{\begingroup \samepage \f
lushing \let \footnote \@footnotemark@gobble \@make@capt@title {#1}{#2}\par \en
dgroup }{\global \@minipagefalse \hb@xt@ \hsize {\hfil \unhbox \@tempboxa \hfil
 }}\endgroup \vskip \belowcaptionskip  on input line 1175.
)

Package caption Warning: Unknown document class (or package),
(caption)                standard defaults will be used.
See the caption package documentation for explanation.

\c@caption@flags=\count319
\c@continuedfloat=\count320
Package caption Info: hyperref package is loaded.
)
Class revtex4-2 Info: Unrecognized LaTeX tabular. Please update this document c
lass! (Proceeding with fingers crossed.) on input line 23.
Class revtex4-2 Info: cite was not loaded (OK!) on input line 23.
Class revtex4-2 Info: mcite was not loaded (OK!) on input line 23.
Class revtex4-2 Info: multicol was not loaded (OK!) on input line 23.

(/home/jenholm/texlive/2026/texmf-dist/tex/latex/l3backend/l3backend-pdftex.def
File: l3backend-pdftex.def 2025-10-09 L3 backend support: PDF output (pdfTeX)
\l__color_backend_stack_int=\count321
) (build/main.aux)
\openout1 = `main.aux'.

LaTeX Font Info:    Checking defaults for OML/cmm/m/it on input line 23.
LaTeX Font Info:    ... okay on input line 23.
LaTeX Font Info:    Checking defaults for OMS/cmsy/m/n on input line 23.
LaTeX Font Info:    ... okay on input line 23.
LaTeX Font Info:    Checking defaults for OT1/cmr/m/n on input line 23.
LaTeX Font Info:    ... okay on input line 23.
LaTeX Font Info:    Checking defaults for T1/cmr/m/n on input line 23.
LaTeX Font Info:    ... okay on input line 23.
LaTeX Font Info:    Checking defaults for TS1/cmr/m/n on input line 23.
LaTeX Font Info:    ... okay on input line 23.
LaTeX Font Info:    Checking defaults for OMX/cmex/m/n on input line 23.
LaTeX Font Info:    ... okay on input line 23.
LaTeX Font Info:    Checking defaults for U/cmr/m/n on input line 23.
LaTeX Font Info:    ... okay on input line 23.
LaTeX Font Info:    Checking defaults for PD1/pdf/m/n on input line 23.
LaTeX Font Info:    ... okay on input line 23.
LaTeX Font Info:    Checking defaults for PU/pdf/m/n on input line 23.
LaTeX Font Info:    ... okay on input line 23.

(/home/jenholm/texlive/2026/texmf-dist/tex/context/base/mkii/supp-pdf.mkii
[Loading MPS to PDF converter (version 2006.09.02).]
\scratchcounter=\count322
\scratchdimen=\dimen184
\scratchbox=\box70
\nofMPsegments=\count323
\nofMParguments=\count324
\everyMPshowfont=\toks25
\MPscratchCnt=\count325
\MPscratchDim=\dimen185
\MPnumerator=\count326
\makeMPintoPDFobject=\count327
\everyMPtoPDFconversion=\toks26
)
(/home/jenholm/texlive/2026/texmf-dist/tex/latex/epstopdf-pkg/epstopdf-base.sty
Package: epstopdf-base 2020-01-24 v2.11 Base part for package epstopdf
Package epstopdf-base Info: Redefining graphics rule for `.eps' on input line 4
85.
(/home/jenholm/texlive/2026/texmf-dist/tex/latex/latexconfig/epstopdf-sys.cfg
File: epstopdf-sys.cfg 2010/07/13 v1.3 Configuration of (r)epstopdf for TeX Liv
e
))
Package hyperref Info: Link coloring OFF on input line 23.
(build/main.out) (build/main.out)
\@outlinefile=\write4
\openout4 = `main.out'.

Package caption Info: Begin \AtBeginDocument code.
Package caption Info: End \AtBeginDocument code.
Class revtex4-2 Info: Taking \maketitle back from hyperref on input line 23.
\openout3 = `mainNotes.bib'.

LaTeX Font Info:    Trying to load font information for U+msa on input line 52.


(/home/jenholm/texlive/2026/texmf-dist/tex/latex/amsfonts/umsa.fd
File: umsa.fd 2013/01/14 v3.01 AMS symbols A
)
LaTeX Font Info:    Trying to load font information for U+msb on input line 52.


(/home/jenholm/texlive/2026/texmf-dist/tex/latex/amsfonts/umsb.fd
File: umsb.fd 2013/01/14 v3.01 AMS symbols B
)

Class revtex4-2 Warning: Assuming \noaffiliation for authors.

(./sections/01_introduction.tex
Underfull \hbox (badness 1194) in paragraph at lines 13--17
[]\OT1/cmr/m/n/10 The sim-plest regularization---a global cen-sus that
 []


Underfull \hbox (badness 10000) in paragraph at lines 18--24
[]\OT1/cmr/m/n/10 We pro-pose In-fla-tion-ary Sec-tor Renor-mal-iza-
 []


Underfull \hbox (badness 5771) in paragraph at lines 18--24
\OT1/cmr/m/n/10 tion (ISR), a configuration-space locality-weighted
 []

) (./sections/02_background.tex [1{/home/jenholm/texlive/2026/texmf-var/fonts/m
ap/pdftex/updmap/pdftex.map}] (./tables/table_07_measure_comparison.tex
Overfull \hbox (25.40547pt too wide) in paragraph at lines 6--17
 []$[]$ 
 []

)) (./sections/03_isr_framework.tex [2]) (./sections/04_toy_model.tex [3]
<figures/fig_01_landscape_basins.png, id=313, 578.16pt x 289.08pt>
File: figures/fig_01_landscape_basins.png Graphic file (type png)
<use figures/fig_01_landscape_basins.png>
Package pdftex.def Info: figures/fig_01_landscape_basins.png  used on input lin
e 15.
(pdftex.def)             Requested size: 246.0pt x 122.9963pt.
)
(./sections/05_experiments.tex
Underfull \hbox (badness 10000) in paragraph at lines 49--2
[]\OT1/cmr/m/n/10 We eval-u-ate mea-sures at cut-offs $\OML/cmm/m/it/10 N[] \OM
S/cmsy/m/n/10 2
 []


Underfull \hbox (badness 4819) in paragraph at lines 49--2
\OMS/cmsy/m/n/10 f\OT1/cmr/m/n/10 100\OML/cmm/m/it/10 ; \OT1/cmr/m/n/10 250\OML
/cmm/m/it/10 ; \OT1/cmr/m/n/10 500\OML/cmm/m/it/10 ; \OT1/cmr/m/n/10 1000\OML/c
mm/m/it/10 ; \OT1/cmr/m/n/10 2500\OML/cmm/m/it/10 ; \OT1/cmr/m/n/10 5000\OML/cm
m/m/it/10 ; \OT1/cmr/m/n/10 10000\OMS/cmsy/m/n/10 g$\OT1/cmr/m/n/10 . Cut-offs 
ex-
 []

(./tables/table_03_kernel_roles.tex
Underfull \hbox (badness 1226) in paragraph at lines 10--11
\OT1/cmr/m/n/9 dis-tance; stan-dard smooth-ing
 []


Underfull \hbox (badness 5050) in paragraph at lines 11--12
[]\OT1/cmr/m/n/9 Heavier tail than Gaus-sian;
 []

) [4 <./figures/fig_01_landscape_basins.png>]
Underfull \hbox (badness 4713) in paragraph at lines 57--60
\OT1/cmr/m/n/10 basin-transition), eval-u-ate con-ti-nu-ity score, basin-
 []


Underfull \hbox (badness 10000) in paragraph at lines 70--73
[]\OT1/cmr/m/n/10 Repeat ex-per-i-ments 1 and 2 for $\OML/cmm/m/it/10 ^^[ \OMS/
cmsy/m/n/10 2
 []


Underfull \hbox (badness 1412) in paragraph at lines 70--73
\OMS/cmsy/m/n/10 f\OT1/cmr/m/n/10 0\OML/cmm/m/it/10 :\OT1/cmr/m/n/10 5\OML/cmm/
m/it/10 ; \OT1/cmr/m/n/10 1\OML/cmm/m/it/10 :\OT1/cmr/m/n/10 0\OML/cmm/m/it/10 
; \OT1/cmr/m/n/10 1\OML/cmm/m/it/10 :\OT1/cmr/m/n/10 5\OML/cmm/m/it/10 ; \OT1/c
mr/m/n/10 2\OML/cmm/m/it/10 :\OT1/cmr/m/n/10 0\OML/cmm/m/it/10 ; \OT1/cmr/m/n/1
0 3\OML/cmm/m/it/10 :\OT1/cmr/m/n/10 0\OMS/cmsy/m/n/10 g$ \OT1/cmr/m/n/10 with 
seeds $1$ through $20$ ($100$
 []


Underfull \hbox (badness 1043) in paragraph at lines 70--73
\OT1/cmr/m/n/10 to-tal runs), $\OML/cmm/m/it/10 N \OT1/cmr/m/n/10 = 2\OML/cmm/m
/it/10 ;  \OT1/cmr/m/n/10 000$ per run. \OT1/cmr/m/it/10 Pur-pose\OT1/cmr/m/n/1
0 : test
 []


Underfull \hbox (badness 2662) in paragraph at lines 97--102
[]\OT1/cmr/m/n/10 Grid over $\OML/cmm/m/it/10 ^^[ \OMS/cmsy/m/n/10 2 f\OT1/cmr/
m/n/10 0\OML/cmm/m/it/10 :\OT1/cmr/m/n/10 5\OML/cmm/m/it/10 ; \OT1/cmr/m/n/10 1
\OML/cmm/m/it/10 :\OT1/cmr/m/n/10 0\OML/cmm/m/it/10 ; \OT1/cmr/m/n/10 1\OML/cmm
/m/it/10 :\OT1/cmr/m/n/10 5\OML/cmm/m/it/10 ; \OT1/cmr/m/n/10 2\OML/cmm/m/it/10
 :\OT1/cmr/m/n/10 0\OML/cmm/m/it/10 ; \OT1/cmr/m/n/10 3\OML/cmm/m/it/10 :\OT1/c
mr/m/n/10 0\OMS/cmsy/m/n/10 g$ \OT1/cmr/m/n/10 and $\OML/cmm/m/it/10 ` \OMS/cms
y/m/n/10 2
 []

) (./sections/06_results.tex [5] (./tables/table_01_main_distribution.tex)
<figures/fig_02_global_vs_isr_distribution.png, id=335, 505.89pt x 289.08pt>
File: figures/fig_02_global_vs_isr_distribution.png Graphic file (type png)
<use figures/fig_02_global_vs_isr_distribution.png>
Package pdftex.def Info: figures/fig_02_global_vs_isr_distribution.png  used on
 input line 22.
(pdftex.def)             Requested size: 246.0pt x 140.57414pt.
<figures/fig_03_kl_drift_global_vs_isr.png, id=338, 650.43pt x 289.08pt>
File: figures/fig_03_kl_drift_global_vs_isr.png Graphic file (type png)
<use figures/fig_03_kl_drift_global_vs_isr.png>
Package pdftex.def Info: figures/fig_03_kl_drift_global_vs_isr.png  used on inp
ut line 38.
(pdftex.def)             Requested size: 246.0pt x 109.33104pt.

(./tables/table_04_stress_summary_by_sigma.tex)
<figures/fig_07_stress_improvement_by_sigma.png, id=341, 722.7pt x 289.08pt>
File: figures/fig_07_stress_improvement_by_sigma.png Graphic file (type png)
<use figures/fig_07_stress_improvement_by_sigma.png>
Package pdftex.def Info: figures/fig_07_stress_improvement_by_sigma.png  used o
n input line 60.
(pdftex.def)             Requested size: 246.0pt x 98.40057pt.
<figures/fig_05_basin_exception_rate.png, id=344, 505.89pt x 289.08pt>
File: figures/fig_05_basin_exception_rate.png Graphic file (type png)
<use figures/fig_05_basin_exception_rate.png>
Package pdftex.def Info: figures/fig_05_basin_exception_rate.png  used on input
 line 78.
(pdftex.def)             Requested size: 246.0pt x 140.57414pt.
 [6 <./figures/fig_02_global_vs_isr_distribution.png> <./figures/fig_03_kl_drif
t_global_vs_isr.png> <./figures/fig_07_stress_improvement_by_sigma.png>]
(./tables/table_06_effective_coefficients.tex)
<figures/fig_06_effective_coefficient_flow.png, id=362, 578.16pt x 289.08pt>
File: figures/fig_06_effective_coefficient_flow.png Graphic file (type png)
<use figures/fig_06_effective_coefficient_flow.png>
Package pdftex.def Info: figures/fig_06_effective_coefficient_flow.png  used on
 input line 112.
(pdftex.def)             Requested size: 246.0pt x 122.9963pt.

(./tables/table_08_ell_sensitivity.tex)
<figures/fig_11_ell_sensitivity_kl.png, id=368, 722.7pt x 289.08pt>
File: figures/fig_11_ell_sensitivity_kl.png Graphic file (type png)
<use figures/fig_11_ell_sensitivity_kl.png>
Package pdftex.def Info: figures/fig_11_ell_sensitivity_kl.png  used on input l
ine 158.
(pdftex.def)             Requested size: 246.0pt x 98.40057pt.
<figures/fig_12_ell_sensitivity_neff.png, id=369, 722.7pt x 289.08pt>
File: figures/fig_12_ell_sensitivity_neff.png Graphic file (type png)
<use figures/fig_12_ell_sensitivity_neff.png>
Package pdftex.def Info: figures/fig_12_ell_sensitivity_neff.png  used on input
 line 167.
(pdftex.def)             Requested size: 246.0pt x 98.40057pt.
 [7 <./figures/fig_05_basin_exception_rate.png> <./figures/fig_06_effective_coe
fficient_flow.png>]
(./tables/table_09_sigma_ell_boundary.tex)
<figures/fig_13_sigma_ell_mean_improvement.png, id=389, 505.89pt x 289.08pt>
File: figures/fig_13_sigma_ell_mean_improvement.png Graphic file (type png)
<use figures/fig_13_sigma_ell_mean_improvement.png>
Package pdftex.def Info: figures/fig_13_sigma_ell_mean_improvement.png  used on
 input line 194.
(pdftex.def)             Requested size: 246.0pt x 140.57414pt.

(./tables/table_10_landscape_perturbation.tex)) (./sections/07_discussion.tex
[8 <./figures/fig_11_ell_sensitivity_kl.png> <./figures/fig_12_ell_sensitivity_
neff.png> <./figures/fig_13_sigma_ell_mean_improvement.png>])
(./sections/08_limitations.tex
Underfull \hbox (badness 6910) in paragraph at lines 19--22
 []\OT1/cmr/bx/n/10 Diagnostic-only ker-nels. \OT1/cmtt/m/n/10 same[]basin \OT1
/cmr/m/n/10 is
 []

) (./sections/09_conclusion.tex
Underfull \hbox (badness 2426) in paragraph at lines 5--15
[]\OT1/cmr/m/n/10 We pro-posed In-fla-tion-ary Sec-tor Renor-mal-iza-tion
 []


Underfull \hbox (badness 1762) in paragraph at lines 5--15
\OT1/cmr/m/n/10 (ISR), a configuration-space locality-weighted sec-tor
 []

[9]) (build/main.bbl) (./sections/10_appendix_simulation.tex
Underfull \hbox (badness 1810) in paragraph at lines 7--8
[]\OT1/cmr/m/n/10 The sim-u-la-tion is con-fig-ured via YAML files in
 []

[10]) (./sections/11_appendix_failures.tex (./tables/table_05_failure_cases.tex
)
<figures/fig_08_failure_cases_sigma3.png, id=434, 505.89pt x 289.08pt>
File: figures/fig_08_failure_cases_sigma3.png Graphic file (type png)
<use figures/fig_08_failure_cases_sigma3.png>
Package pdftex.def Info: figures/fig_08_failure_cases_sigma3.png  used on input
 line 22.
(pdftex.def)             Requested size: 246.0pt x 140.57414pt.
) (./sections/12_appendix_reproducibility.tex
Overfull \hbox (79.49716pt too wide) in paragraph at lines 25--25
[]\OT1/cmtt/m/n/10 cd /home/jenholm/workspace/inflationary-sector-renormalizati
on[] 
 []


Underfull \hbox (badness 10000) in paragraph at lines 33--34
 []\OT1/cmtt/m/n/10 outputs/isr[]result[]summary.md \OT1/cmr/m/n/10 --- com-pil
ed
 []


Underfull \hbox (badness 10000) in paragraph at lines 34--36
 []\OT1/cmtt/m/n/10 outputs/global[]measure[]vs[]cutoff.json \OT1/cmr/m/n/10 --
-
 []


Underfull \hbox (badness 6961) in paragraph at lines 36--37
 []\OT1/cmtt/m/n/10 outputs/isr[]measure[]vs[]cutoff.json \OT1/cmr/m/n/10 --- I
SR
 []


Underfull \hbox (badness 3049) in paragraph at lines 39--40
 []\OT1/cmtt/m/n/10 outputs/stress[]test[]results.csv \OT1/cmr/m/n/10 --- all 1
00
 []


Underfull \hbox (badness 5359) in paragraph at lines 40--41
 []\OT1/cmtt/m/n/10 outputs/stress[]test[]summary.json \OT1/cmr/m/n/10 --- ag-g
re-
 []


Underfull \hbox (badness 10000) in paragraph at lines 41--44
 []\OT1/cmtt/m/n/10 outputs/bell[]locality[]summary.csv \OT1/cmr/m/n/10 ---
 []


Underfull \hbox (badness 1803) in paragraph at lines 41--44
 \OT1/cmr/m/n/10 configuration-space lo-cal-ity di-ag-nos-tics. (His-
 []


Underfull \hbox (badness 1342) in paragraph at lines 41--44
 \OT1/cmr/m/n/10 tor-i-cal file-name for configuration-space lo-cal-ity
 []

[11 <./figures/fig_08_failure_cases_sigma3.png>]
Underfull \hbox (badness 6758) in paragraph at lines 44--47
 []\OT1/cmtt/m/n/10 outputs/wilson[]coefficients.csv \OT1/cmr/m/n/10 --- kernel
-
 []


Underfull \hbox (badness 6675) in paragraph at lines 47--48
 []\OT1/cmtt/m/n/10 outputs/ell[]sensitivity[]results.csv \OT1/cmr/m/n/10 --- e
ll
 []


Underfull \hbox (badness 10000) in paragraph at lines 49--50
 []\OT1/cmtt/m/n/10 outputs/sigma[]ell[]boundary[]results.csv \OT1/cmr/m/n/10 -
--
 []


Underfull \hbox (badness 10000) in paragraph at lines 50--51
 []\OT1/cmtt/m/n/10 outputs/sigma[]ell[]boundary[]summary.json \OT1/cmr/m/n/10 
---
 []


Overfull \hbox (1.80803pt too wide) in paragraph at lines 51--52
 []\OT1/cmtt/m/n/10 outputs/landscape[]perturbation[]results.json
 []

) (./sections/13_appendix_degenerate.tex
Underfull \hbox (badness 10000) in paragraph at lines 56--2
[]\OT1/cmr/m/n/10 Figures are gen-er-ated by
 []


Underfull \hbox (badness 6876) in paragraph at lines 56--2
\OT1/cmtt/m/n/10 paper/generate[]figures.py\OT1/cmr/m/n/10 . Ta-bles are gen-er
-
 []


Package hyperref Warning: Token not allowed in a PDF string (Unicode):
(hyperref)                removing `math shift' on input line 2.


Package hyperref Warning: Token not allowed in a PDF string (Unicode):
(hyperref)                removing `\ell' on input line 2.


Package hyperref Warning: Token not allowed in a PDF string (Unicode):
(hyperref)                removing `math shift' on input line 2.

) [12] [13] (build/main.aux)
 ***********
LaTeX2e <2025-11-01>
L3 programming layer <2026-01-19>
 ***********
Package rerunfilecheck Info: File `main.out' has not changed.
(rerunfilecheck)             Checksum: BCC82341AA0767B402C8712CA8126347;13359.
 ) 
Here is how much of TeX's memory you used:
 13988 strings out of 469005
 219799 string characters out of 5455224
 654344 words of memory out of 5000000
 42351 multiletter control sequences out of 15000+600000
 638746 words of font info for 81 fonts, out of 8000000 for 9000
 319 hyphenation exceptions out of 8191
 75i,10n,79p,547b,530s stack positions out of 10000i,1000n,20000p,200000b,200000s
 </home/jenholm/.texlive2026/texmf-var/fonts/pk/ljfour/jknappen/ec/tcrm1000.6
00pk></home/jenholm/texlive/2026/texmf-dist/fonts/type1/public/amsfonts/cm/cmbx
10.pfb></home/jenholm/texlive/2026/texmf-dist/fonts/type1/public/amsfonts/cm/cm
bx12.pfb></home/jenholm/texlive/2026/texmf-dist/fonts/type1/public/amsfonts/cm/
cmbx9.pfb></home/jenholm/texlive/2026/texmf-dist/fonts/type1/public/amsfonts/cm
/cmex10.pfb></home/jenholm/texlive/2026/texmf-dist/fonts/type1/public/amsfonts/
cmextra/cmex9.pfb></home/jenholm/texlive/2026/texmf-dist/fonts/type1/public/ams
fonts/cm/cmmi10.pfb></home/jenholm/texlive/2026/texmf-dist/fonts/type1/public/a
msfonts/cm/cmmi5.pfb></home/jenholm/texlive/2026/texmf-dist/fonts/type1/public/
amsfonts/cm/cmmi7.pfb></home/jenholm/texlive/2026/texmf-dist/fonts/type1/public
/amsfonts/cm/cmmi9.pfb></home/jenholm/texlive/2026/texmf-dist/fonts/type1/publi
c/amsfonts/cm/cmmib10.pfb></home/jenholm/texlive/2026/texmf-dist/fonts/type1/pu
blic/amsfonts/cmextra/cmmib9.pfb></home/jenholm/texlive/2026/texmf-dist/fonts/t
ype1/public/amsfonts/cm/cmr10.pfb></home/jenholm/texlive/2026/texmf-dist/fonts/
type1/public/amsfonts/cm/cmr5.pfb></home/jenholm/texlive/2026/texmf-dist/fonts/
type1/public/amsfonts/cm/cmr6.pfb></home/jenholm/texlive/2026/texmf-dist/fonts/
type1/public/amsfonts/cm/cmr7.pfb></home/jenholm/texlive/2026/texmf-dist/fonts/
type1/public/amsfonts/cm/cmr9.pfb></home/jenholm/texlive/2026/texmf-dist/fonts/
type1/public/amsfonts/cm/cmsy10.pfb></home/jenholm/texlive/2026/texmf-dist/font
s/type1/public/amsfonts/cm/cmsy5.pfb></home/jenholm/texlive/2026/texmf-dist/fon
ts/type1/public/amsfonts/cm/cmsy6.pfb></home/jenholm/texlive/2026/texmf-dist/fo
nts/type1/public/amsfonts/cm/cmsy7.pfb></home/jenholm/texlive/2026/texmf-dist/f
onts/type1/public/amsfonts/cm/cmsy9.pfb></home/jenholm/texlive/2026/texmf-dist/
fonts/type1/public/amsfonts/cm/cmti10.pfb></home/jenholm/texlive/2026/texmf-dis
t/fonts/type1/public/amsfonts/cm/cmtt10.pfb></home/jenholm/texlive/2026/texmf-d
ist/fonts/type1/public/amsfonts/cm/cmtt9.pfb></home/jenholm/texlive/2026/texmf-
dist/fonts/type1/public/amsfonts/symbols/msam10.pfb></home/jenholm/texlive/2026
/texmf-dist/fonts/type1/public/amsfonts/symbols/msbm10.pfb>
Output written on build/main.pdf (13 pages, 907374 bytes).
PDF statistics:
 598 PDF objects out of 1000 (max. 8388607)
 501 compressed objects within 6 object streams
 109 named destinations out of 1000 (max. 500000)
 555 words of extra memory for PDF output out of 10000 (max. 10000000)

